<?xml version="1.0" encoding="UTF-8"?>
<coverage generated="1609993763882" clover="3.2.0">
  <project timestamp="1609993763882" name="All files">
    <metrics statements="15" coveredstatements="12" conditionals="32" coveredconditionals="5" methods="9" coveredmethods="6" elements="56" coveredelements="23" complexity="0" loc="15" ncloc="15" packages="3" files="3" classes="3"/>
    <package name="Header.js">
      <metrics statements="10" coveredstatements="9" conditionals="10" coveredconditionals="5" methods="7" coveredmethods="6"/>
      <file name="Burger.jsx" path="C:\Users\NIKOLAS\Desktop\react projects\greecetours\frontend\src\components\Header.js\Burger.jsx">
        <metrics statements="10" coveredstatements="9" conditionals="10" coveredconditionals="5" methods="7" coveredmethods="6"/>
        <line num="6" count="1" type="stmt"/>
        <line num="27" count="1" type="cond" truecount="1" falsecount="1"/>
        <line num="33" count="1" type="cond" truecount="1" falsecount="1"/>
        <line num="38" count="1" type="cond" truecount="1" falsecount="1"/>
        <line num="39" count="1" type="cond" truecount="1" falsecount="1"/>
        <line num="44" count="1" type="cond" truecount="1" falsecount="1"/>
        <line num="54" count="1" type="stmt"/>
        <line num="55" count="2" type="stmt"/>
        <line num="56" count="1" type="stmt"/>
        <line num="58" count="0" type="stmt"/>
      </file>
    </package>
    <package name="Rating">
      <metrics statements="3" coveredstatements="2" conditionals="22" coveredconditionals="0" methods="1" coveredmethods="0"/>
      <file name="Rating.jsx" path="C:\Users\NIKOLAS\Desktop\react projects\greecetours\frontend\src\components\Rating\Rating.jsx">
        <metrics statements="3" coveredstatements="2" conditionals="22" coveredconditionals="0" methods="1" coveredmethods="0"/>
        <line num="5" count="1" type="stmt"/>
        <line num="6" count="0" type="stmt"/>
        <line num="64" count="1" type="stmt"/>
      </file>
    </package>
    <package name="Tour">
      <metrics statements="2" coveredstatements="1" conditionals="0" coveredconditionals="0" methods="1" coveredmethods="0"/>
      <file name="Tour.jsx" path="C:\Users\NIKOLAS\Desktop\react projects\greecetours\frontend\src\components\Tour\Tour.jsx">
        <metrics statements="2" coveredstatements="1" conditionals="0" coveredconditionals="0" methods="1" coveredmethods="0"/>
        <line num="7" count="1" type="stmt"/>
        <line num="8" count="0" type="stmt"/>
      </file>
    </package>
  </project>
</coverage>
