{"C:\\Users\\NIKOLAS\\Desktop\\react projects\\greecetours\\frontend\\src\\components\\Header.js\\Burger.jsx": {"path":"C:\\Users\\NIKOLAS\\Desktop\\react projects\\greecetours\\frontend\\src\\components\\Header.js\\Burger.jsx","statementMap":{"0":{"start":{"line":6,"column":21},"end":{"line":52,"column":1}},"1":{"start":{"line":27,"column":34},"end":{"line":27,"column":54}},"2":{"start":{"line":33,"column":31},"end":{"line":33,"column":65}},"3":{"start":{"line":38,"column":31},"end":{"line":38,"column":72}},"4":{"start":{"line":39,"column":29},"end":{"line":39,"column":39}},"5":{"start":{"line":44,"column":31},"end":{"line":44,"column":66}},"6":{"start":{"line":54,"column":15},"end":{"line":66,"column":1}},"7":{"start":{"line":55,"column":27},"end":{"line":55,"column":42}},"8":{"start":{"line":56,"column":4},"end":{"line":65,"column":6}},"9":{"start":{"line":58,"column":66},"end":{"line":58,"column":80}}},"fnMap":{"0":{"name":"(anonymous_0)","decl":{"start":{"line":27,"column":23},"end":{"line":27,"column":24}},"loc":{"start":{"line":27,"column":34},"end":{"line":27,"column":54}},"line":27},"1":{"name":"(anonymous_1)","decl":{"start":{"line":33,"column":20},"end":{"line":33,"column":21}},"loc":{"start":{"line":33,"column":31},"end":{"line":33,"column":65}},"line":33},"2":{"name":"(anonymous_2)","decl":{"start":{"line":38,"column":20},"end":{"line":38,"column":21}},"loc":{"start":{"line":38,"column":31},"end":{"line":38,"column":72}},"line":38},"3":{"name":"(anonymous_3)","decl":{"start":{"line":39,"column":18},"end":{"line":39,"column":19}},"loc":{"start":{"line":39,"column":29},"end":{"line":39,"column":39}},"line":39},"4":{"name":"(anonymous_4)","decl":{"start":{"line":44,"column":20},"end":{"line":44,"column":21}},"loc":{"start":{"line":44,"column":31},"end":{"line":44,"column":66}},"line":44},"5":{"name":"(anonymous_5)","decl":{"start":{"line":54,"column":15},"end":{"line":54,"column":16}},"loc":{"start":{"line":54,"column":21},"end":{"line":66,"column":1}},"line":54},"6":{"name":"(anonymous_6)","decl":{"start":{"line":58,"column":62},"end":{"line":58,"column":63}},"loc":{"start":{"line":58,"column":66},"end":{"line":58,"column":80}},"line":58}},"branchMap":{"0":{"loc":{"start":{"line":27,"column":34},"end":{"line":27,"column":54}},"type":"cond-expr","locations":[{"start":{"line":27,"column":41},"end":{"line":27,"column":47}},{"start":{"line":27,"column":48},"end":{"line":27,"column":54}}],"line":27},"1":{"loc":{"start":{"line":33,"column":31},"end":{"line":33,"column":65}},"type":"cond-expr","locations":[{"start":{"line":33,"column":38},"end":{"line":33,"column":53}},{"start":{"line":33,"column":54},"end":{"line":33,"column":65}}],"line":33},"2":{"loc":{"start":{"line":38,"column":31},"end":{"line":38,"column":72}},"type":"cond-expr","locations":[{"start":{"line":38,"column":38},"end":{"line":38,"column":56}},{"start":{"line":38,"column":57},"end":{"line":38,"column":72}}],"line":38},"3":{"loc":{"start":{"line":39,"column":29},"end":{"line":39,"column":39}},"type":"cond-expr","locations":[{"start":{"line":39,"column":36},"end":{"line":39,"column":37}},{"start":{"line":39,"column":38},"end":{"line":39,"column":39}}],"line":39},"4":{"loc":{"start":{"line":44,"column":31},"end":{"line":44,"column":66}},"type":"cond-expr","locations":[{"start":{"line":44,"column":38},"end":{"line":44,"column":54}},{"start":{"line":44,"column":55},"end":{"line":44,"column":66}}],"line":44}},"s":{"0":1,"1":1,"2":1,"3":1,"4":1,"5":1,"6":1,"7":2,"8":1,"9":0},"f":{"0":1,"1":1,"2":1,"3":1,"4":1,"5":2,"6":0},"b":{"0":[0,1],"1":[0,1],"2":[0,1],"3":[0,1],"4":[0,1]},"_coverageSchema":"1a1c01bbd47fc00a2c39e90264f33305004495a9","hash":"9c71abd42250a1b75d05cfe7ff54e095609e431b"}
,"C:\\Users\\NIKOLAS\\Desktop\\react projects\\greecetours\\frontend\\src\\components\\Rating\\Rating.jsx": {"path":"C:\\Users\\NIKOLAS\\Desktop\\react projects\\greecetours\\frontend\\src\\components\\Rating\\Rating.jsx","statementMap":{"0":{"start":{"line":5,"column":15},"end":{"line":60,"column":1}},"1":{"start":{"line":6,"column":4},"end":{"line":59,"column":6}},"2":{"start":{"line":64,"column":0},"end":{"line":66,"column":1}}},"fnMap":{"0":{"name":"(anonymous_0)","decl":{"start":{"line":5,"column":15},"end":{"line":5,"column":16}},"loc":{"start":{"line":5,"column":47},"end":{"line":60,"column":1}},"line":5}},"branchMap":{"0":{"loc":{"start":{"line":10,"column":12},"end":{"line":14,"column":29}},"type":"cond-expr","locations":[{"start":{"line":11,"column":16},"end":{"line":11,"column":29}},{"start":{"line":12,"column":16},"end":{"line":14,"column":29}}],"line":10},"1":{"loc":{"start":{"line":12,"column":16},"end":{"line":14,"column":29}},"type":"cond-expr","locations":[{"start":{"line":13,"column":16},"end":{"line":13,"column":38}},{"start":{"line":14,"column":16},"end":{"line":14,"column":29}}],"line":12},"2":{"loc":{"start":{"line":20,"column":12},"end":{"line":24,"column":29}},"type":"cond-expr","locations":[{"start":{"line":21,"column":16},"end":{"line":21,"column":29}},{"start":{"line":22,"column":16},"end":{"line":24,"column":29}}],"line":20},"3":{"loc":{"start":{"line":22,"column":16},"end":{"line":24,"column":29}},"type":"cond-expr","locations":[{"start":{"line":23,"column":16},"end":{"line":23,"column":38}},{"start":{"line":24,"column":16},"end":{"line":24,"column":29}}],"line":22},"4":{"loc":{"start":{"line":30,"column":12},"end":{"line":34,"column":29}},"type":"cond-expr","locations":[{"start":{"line":31,"column":16},"end":{"line":31,"column":29}},{"start":{"line":32,"column":16},"end":{"line":34,"column":29}}],"line":30},"5":{"loc":{"start":{"line":32,"column":16},"end":{"line":34,"column":29}},"type":"cond-expr","locations":[{"start":{"line":33,"column":16},"end":{"line":33,"column":38}},{"start":{"line":34,"column":16},"end":{"line":34,"column":29}}],"line":32},"6":{"loc":{"start":{"line":40,"column":12},"end":{"line":44,"column":29}},"type":"cond-expr","locations":[{"start":{"line":41,"column":16},"end":{"line":41,"column":29}},{"start":{"line":42,"column":16},"end":{"line":44,"column":29}}],"line":40},"7":{"loc":{"start":{"line":42,"column":16},"end":{"line":44,"column":29}},"type":"cond-expr","locations":[{"start":{"line":43,"column":16},"end":{"line":43,"column":38}},{"start":{"line":44,"column":16},"end":{"line":44,"column":29}}],"line":42},"8":{"loc":{"start":{"line":50,"column":12},"end":{"line":54,"column":29}},"type":"cond-expr","locations":[{"start":{"line":51,"column":16},"end":{"line":51,"column":29}},{"start":{"line":52,"column":16},"end":{"line":54,"column":29}}],"line":50},"9":{"loc":{"start":{"line":52,"column":16},"end":{"line":54,"column":29}},"type":"cond-expr","locations":[{"start":{"line":53,"column":16},"end":{"line":53,"column":38}},{"start":{"line":54,"column":16},"end":{"line":54,"column":29}}],"line":52},"10":{"loc":{"start":{"line":57,"column":20},"end":{"line":57,"column":44}},"type":"binary-expr","locations":[{"start":{"line":57,"column":20},"end":{"line":57,"column":30}},{"start":{"line":57,"column":34},"end":{"line":57,"column":44}}],"line":57}},"s":{"0":1,"1":0,"2":1},"f":{"0":0},"b":{"0":[0,0],"1":[0,0],"2":[0,0],"3":[0,0],"4":[0,0],"5":[0,0],"6":[0,0],"7":[0,0],"8":[0,0],"9":[0,0],"10":[0,0]},"_coverageSchema":"1a1c01bbd47fc00a2c39e90264f33305004495a9","hash":"f2313a6fe55e33eca6f46396047596a481b08e8f"}
,"C:\\Users\\NIKOLAS\\Desktop\\react projects\\greecetours\\frontend\\src\\components\\Tour\\Tour.jsx": {"path":"C:\\Users\\NIKOLAS\\Desktop\\react projects\\greecetours\\frontend\\src\\components\\Tour\\Tour.jsx","statementMap":{"0":{"start":{"line":7,"column":13},"end":{"line":27,"column":1}},"1":{"start":{"line":8,"column":4},"end":{"line":26,"column":7}}},"fnMap":{"0":{"name":"(anonymous_0)","decl":{"start":{"line":7,"column":13},"end":{"line":7,"column":14}},"loc":{"start":{"line":7,"column":25},"end":{"line":27,"column":1}},"line":7}},"branchMap":{},"s":{"0":1,"1":0},"f":{"0":0},"b":{},"_coverageSchema":"1a1c01bbd47fc00a2c39e90264f33305004495a9","hash":"7c2fed55ec8a64aa8dd0e0acac8ee9cd554d919d"}
}
